# JRE version: OpenJDK Runtime Environment Temurin-21.0.11+10 (21.0.11+10) (build 21.0.11+10-LTS)
# Java VM: OpenJDK 64-Bit Server VM Temurin-21.0.11+10 (21.0.11+10-LTS, mixed mode, sharing, tiered, compressed oops, compressed class ptrs, parallel gc, windows-amd64)
GC Precious Log:
 CardTable entry size: 512
 CPUs: 16 total, 16 available
 Memory: 7501M
 Large Page Support: Disabled
 NUMA Support: Disabled
 Compressed Oops: Enabled (32-bit)
 Alignments: Space 512K, Generation 512K, Heap 2M
 Heap Min Capacity: 100M
 Heap Initial Capacity: 100M
 Heap Max Capacity: 2G
 Pre-touch: Disabled
 Parallel Workers: 13
Heap:
 PSYoungGen      total 21504K, used 12497K [0x00000000d5580000, 0x00000000d6c00000, 0x0000000100000000)
  eden space 19968K, 55% used [0x00000000d5580000,0x00000000d604d340,0x00000000d6900000)
  from space 1536K, 93% used [0x00000000d6900000,0x00000000d6a672b0,0x00000000d6a80000)
  to   space 1536K, 0% used [0x00000000d6a80000,0x00000000d6a80000,0x00000000d6c00000)
 ParOldGen       total 69632K, used 69243K [0x0000000080000000, 0x0000000084400000, 0x00000000d5580000)
  object space 69632K, 99% used [0x0000000080000000,0x000000008439efa8,0x0000000084400000)
 Metaspace       used 62292K, committed 63808K, reserved 1114112K
  class space    used 6716K, committed 7360K, reserved 1048576K
GC Heap History (20 events):
Event: 35.080 GC heap before
{Heap before GC invocations=53 (full 3):
 PSYoungGen      total 22528K, used 22234K [0x00000000d5580000, 0x00000000d6c80000, 0x0000000100000000)
  eden space 21504K, 100% used [0x00000000d5580000,0x00000000d6a80000,0x00000000d6a80000)
  from space 1024K, 71% used [0x00000000d6a80000,0x00000000d6b36900,0x00000000d6b80000)
  to   space 1024K, 0% used [0x00000000d6b80000,0x00000000d6b80000,0x00000000d6c80000)
 ParOldGen       total 69632K, used 61363K [0x0000000080000000, 0x0000000084400000, 0x00000000d5580000)
  object space 69632K, 88% used [0x0000000080000000,0x0000000083becce0,0x0000000084400000)
 Metaspace       used 60761K, committed 62208K, reserved 1114112K
  class space    used 6540K, committed 7168K, reserved 1048576K
}
Event: 35.085 GC heap after
{Heap after GC invocations=53 (full 3):
 PSYoungGen      total 22528K, used 690K [0x00000000d5580000, 0x00000000d6c80000, 0x0000000100000000)
  eden space 21504K, 0% used [0x00000000d5580000,0x00000000d5580000,0x00000000d6a80000)
  from space 1024K, 67% used [0x00000000d6b80000,0x00000000d6c2c940,0x00000000d6c80000)
  to   space 1024K, 0% used [0x00000000d6a80000,0x00000000d6a80000,0x00000000d6b80000)
 ParOldGen       total 69632K, used 61671K [0x0000000080000000, 0x0000000084400000, 0x00000000d5580000)
  object space 69632K, 88% used [0x0000000080000000,0x0000000083c39ee0,0x0000000084400000)
 Metaspace       used 60761K, committed 62208K, reserved 1114112K
  class space    used 6540K, committed 7168K, reserved 1048576K
}
Event: 35.317 GC heap before
{Heap before GC invocations=54 (full 3):
 PSYoungGen      total 22528K, used 22145K [0x00000000d5580000, 0x00000000d6c80000, 0x0000000100000000)
  eden space 21504K, 99% used [0x00000000d5580000,0x00000000d6a73bc0,0x00000000d6a80000)
  from space 1024K, 67% used [0x00000000d6b80000,0x00000000d6c2c940,0x00000000d6c80000)
  to   space 1024K, 0% used [0x00000000d6a80000,0x00000000d6a80000,0x00000000d6b80000)
 ParOldGen       total 69632K, used 61671K [0x0000000080000000, 0x0000000084400000, 0x00000000d5580000)
  object space 69632K, 88% used [0x0000000080000000,0x0000000083c39ee0,0x0000000084400000)
 Metaspace       used 60789K, committed 62208K, reserved 1114112K
  class space    used 6540K, committed 7168K, reserved 1048576K
}
Event: 35.324 GC heap after
{Heap after GC invocations=54 (full 3):
 PSYoungGen      total 22528K, used 736K [0x00000000d5580000, 0x00000000d6c80000, 0x0000000100000000)
  eden space 21504K, 0% used [0x00000000d5580000,0x00000000d5580000,0x00000000d6a80000)
  from space 1024K, 71% used [0x00000000d6a80000,0x00000000d6b38000,0x00000000d6b80000)
  to   space 1024K, 0% used [0x00000000d6b80000,0x00000000d6b80000,0x00000000d6c80000)
 ParOldGen       total 69632K, used 62047K [0x0000000080000000, 0x0000000084400000, 0x00000000d5580000)
  object space 69632K, 89% used [0x0000000080000000,0x0000000083c97ee0,0x0000000084400000)
 Metaspace       used 60789K, committed 62208K, reserved 1114112K
  class space    used 6540K, committed 7168K, reserved 1048576K
}
Event: 36.415 GC heap before
{Heap before GC invocations=55 (full 3):
 PSYoungGen      total 22528K, used 22240K [0x00000000d5580000, 0x00000000d6c80000, 0x0000000100000000)
  eden space 21504K, 100% used [0x00000000d5580000,0x00000000d6a80000,0x00000000d6a80000)
  from space 1024K, 71% used [0x00000000d6a80000,0x00000000d6b38000,0x00000000d6b80000)
  to   space 1024K, 0% used [0x00000000d6b80000,0x00000000d6b80000,0x00000000d6c80000)
 ParOldGen       total 69632K, used 62047K [0x0000000080000000, 0x0000000084400000, 0x00000000d5580000)
  object space 69632K, 89% used [0x0000000080000000,0x0000000083c97ee0,0x0000000084400000)
 Metaspace       used 62251K, committed 63808K, reserved 1114112K
  class space    used 6715K, committed 7360K, reserved 1048576K
}
Event: 36.421 GC heap after
{Heap after GC invocations=55 (full 3):
 PSYoungGen      total 21504K, used 1018K [0x00000000d5580000, 0x00000000d6e80000, 0x0000000100000000)
  eden space 20480K, 0% used [0x00000000d5580000,0x00000000d5580000,0x00000000d6980000)
  from space 1024K, 99% used [0x00000000d6b80000,0x00000000d6c7e920,0x00000000d6c80000)
  to   space 2048K, 0% used [0x00000000d6980000,0x00000000d6980000,0x00000000d6b80000)
 ParOldGen       total 69632K, used 62812K [0x0000000080000000, 0x0000000084400000, 0x00000000d5580000)
  object space 69632K, 90% used [0x0000000080000000,0x0000000083d570f0,0x0000000084400000)
 Metaspace       used 62251K, committed 63808K, reserved 1114112K
  class space    used 6715K, committed 7360K, reserved 1048576K
}
Event: 36.618 GC heap before
{Heap before GC invocations=56 (full 3):
 PSYoungGen      total 21504K, used 21498K [0x00000000d5580000, 0x00000000d6e80000, 0x0000000100000000)
  eden space 20480K, 100% used [0x00000000d5580000,0x00000000d6980000,0x00000000d6980000)
  from space 1024K, 99% used [0x00000000d6b80000,0x00000000d6c7e920,0x00000000d6c80000)
  to   space 2048K, 0% used [0x00000000d6980000,0x00000000d6980000,0x00000000d6b80000)
 ParOldGen       total 69632K, used 62812K [0x0000000080000000, 0x0000000084400000, 0x00000000d5580000)
  object space 69632K, 90% used [0x0000000080000000,0x0000000083d570f0,0x0000000084400000)
 Metaspace       used 62251K, committed 63808K, reserved 1114112K
  class space    used 6715K, committed 7360K, reserved 1048576K
}
Event: 36.624 GC heap after
{Heap after GC invocations=56 (full 3):
 PSYoungGen      total 22528K, used 1911K [0x00000000d5580000, 0x00000000d6d80000, 0x0000000100000000)
  eden space 20480K, 0% used [0x00000000d5580000,0x00000000d5580000,0x00000000d6980000)
  from space 2048K, 93% used [0x00000000d6980000,0x00000000d6b5ddf8,0x00000000d6b80000)
  to   space 2048K, 0% used [0x00000000d6b80000,0x00000000d6b80000,0x00000000d6d80000)
 ParOldGen       total 69632K, used 63861K [0x0000000080000000, 0x0000000084400000, 0x00000000d5580000)
  object space 69632K, 91% used [0x0000000080000000,0x0000000083e5d710,0x0000000084400000)
 Metaspace       used 62251K, committed 63808K, reserved 1114112K
  class space    used 6715K, committed 7360K, reserved 1048576K
}
Event: 36.701 GC heap before
{Heap before GC invocations=57 (full 3):
 PSYoungGen      total 22528K, used 22391K [0x00000000d5580000, 0x00000000d6d80000, 0x0000000100000000)
  eden space 20480K, 100% used [0x00000000d5580000,0x00000000d6980000,0x00000000d6980000)
  from space 2048K, 93% used [0x00000000d6980000,0x00000000d6b5ddf8,0x00000000d6b80000)
  to   space 2048K, 0% used [0x00000000d6b80000,0x00000000d6b80000,0x00000000d6d80000)
 ParOldGen       total 69632K, used 63861K [0x0000000080000000, 0x0000000084400000, 0x00000000d5580000)
  object space 69632K, 91% used [0x0000000080000000,0x0000000083e5d710,0x0000000084400000)
 Metaspace       used 62251K, committed 63808K, reserved 1114112K
  class space    used 6715K, committed 7360K, reserved 1048576K
}
Event: 36.708 GC heap after
{Heap after GC invocations=57 (full 3):
 PSYoungGen      total 20992K, used 480K [0x00000000d5580000, 0x00000000d6c00000, 0x0000000100000000)
  eden space 20480K, 0% used [0x00000000d5580000,0x00000000d5580000,0x00000000d6980000)
  from space 512K, 93% used [0x00000000d6b80000,0x00000000d6bf8000,0x00000000d6c00000)
  to   space 1024K, 0% used [0x00000000d6a00000,0x00000000d6a00000,0x00000000d6b00000)
 ParOldGen       total 69632K, used 65532K [0x0000000080000000, 0x0000000084400000, 0x00000000d5580000)
  object space 69632K, 94% used [0x0000000080000000,0x0000000083fff098,0x0000000084400000)
 Metaspace       used 62251K, committed 63808K, reserved 1114112K
  class space    used 6715K, committed 7360K, reserved 1048576K
}
Event: 36.834 GC heap before
{Heap before GC invocations=58 (full 3):
 PSYoungGen      total 20992K, used 20960K [0x00000000d5580000, 0x00000000d6c00000, 0x0000000100000000)
  eden space 20480K, 100% used [0x00000000d5580000,0x00000000d6980000,0x00000000d6980000)
  from space 512K, 93% used [0x00000000d6b80000,0x00000000d6bf8000,0x00000000d6c00000)
  to   space 1024K, 0% used [0x00000000d6a00000,0x00000000d6a00000,0x00000000d6b00000)
 ParOldGen       total 69632K, used 65532K [0x0000000080000000, 0x0000000084400000, 0x00000000d5580000)
  object space 69632K, 94% used [0x0000000080000000,0x0000000083fff098,0x0000000084400000)
 Metaspace       used 62251K, committed 63808K, reserved 1114112K
  class space    used 6715K, committed 7360K, reserved 1048576K
}
Event: 36.838 GC heap after
{Heap after GC invocations=58 (full 3):
 PSYoungGen      total 21504K, used 780K [0x00000000d5580000, 0x00000000d6c00000, 0x0000000100000000)
  eden space 20480K, 0% used [0x00000000d5580000,0x00000000d5580000,0x00000000d6980000)
  from space 1024K, 76% used [0x00000000d6a00000,0x00000000d6ac31a0,0x00000000d6b00000)
  to   space 1024K, 0% used [0x00000000d6b00000,0x00000000d6b00000,0x00000000d6c00000)
 ParOldGen       total 69632K, used 65932K [0x0000000080000000, 0x0000000084400000, 0x00000000d5580000)
  object space 69632K, 94% used [0x0000000080000000,0x0000000084063098,0x0000000084400000)
 Metaspace       used 62251K, committed 63808K, reserved 1114112K
  class space    used 6715K, committed 7360K, reserved 1048576K
}
Event: 37.004 GC heap before
{Heap before GC invocations=59 (full 3):
 PSYoungGen      total 21504K, used 21260K [0x00000000d5580000, 0x00000000d6c00000, 0x0000000100000000)
  eden space 20480K, 100% used [0x00000000d5580000,0x00000000d6980000,0x00000000d6980000)
  from space 1024K, 76% used [0x00000000d6a00000,0x00000000d6ac31a0,0x00000000d6b00000)
  to   space 1024K, 0% used [0x00000000d6b00000,0x00000000d6b00000,0x00000000d6c00000)
 ParOldGen       total 69632K, used 65932K [0x0000000080000000, 0x0000000084400000, 0x00000000d5580000)
  object space 69632K, 94% used [0x0000000080000000,0x0000000084063098,0x0000000084400000)
 Metaspace       used 62267K, committed 63808K, reserved 1114112K
  class space    used 6715K, committed 7360K, reserved 1048576K
}
Event: 37.008 GC heap after
{Heap after GC invocations=59 (full 3):
 PSYoungGen      total 20992K, used 1018K [0x00000000d5580000, 0x00000000d6d80000, 0x0000000100000000)
  eden space 19968K, 0% used [0x00000000d5580000,0x00000000d5580000,0x00000000d6900000)
  from space 1024K, 99% used [0x00000000d6b00000,0x00000000d6bfe990,0x00000000d6c00000)
  to   space 2048K, 0% used [0x00000000d6900000,0x00000000d6900000,0x00000000d6b00000)
 ParOldGen       total 69632K, used 66534K [0x0000000080000000, 0x0000000084400000, 0x00000000d5580000)
  object space 69632K, 95% used [0x0000000080000000,0x00000000840f9958,0x0000000084400000)
 Metaspace       used 62267K, committed 63808K, reserved 1114112K
  class space    used 6715K, committed 7360K, reserved 1048576K
}
Event: 37.168 GC heap before
{Heap before GC invocations=60 (full 3):
 PSYoungGen      total 20992K, used 20986K [0x00000000d5580000, 0x00000000d6d80000, 0x0000000100000000)
  eden space 19968K, 100% used [0x00000000d5580000,0x00000000d6900000,0x00000000d6900000)
  from space 1024K, 99% used [0x00000000d6b00000,0x00000000d6bfe990,0x00000000d6c00000)
  to   space 2048K, 0% used [0x00000000d6900000,0x00000000d6900000,0x00000000d6b00000)
 ParOldGen       total 69632K, used 66534K [0x0000000080000000, 0x0000000084400000, 0x00000000d5580000)
  object space 69632K, 95% used [0x0000000080000000,0x00000000840f9958,0x0000000084400000)
 Metaspace       used 62275K, committed 63808K, reserved 1114112K
  class space    used 6716K, committed 7360K, reserved 1048576K
}
Event: 37.173 GC heap after
{Heap after GC invocations=60 (full 3):
 PSYoungGen      total 21504K, used 1107K [0x00000000d5580000, 0x00000000d6c00000, 0x0000000100000000)
  eden space 19968K, 0% used [0x00000000d5580000,0x00000000d5580000,0x00000000d6900000)
  from space 1536K, 72% used [0x00000000d6900000,0x00000000d6a14c28,0x00000000d6a80000)
  to   space 1536K, 0% used [0x00000000d6a80000,0x00000000d6a80000,0x00000000d6c00000)
 ParOldGen       total 69632K, used 67455K [0x0000000080000000, 0x0000000084400000, 0x00000000d5580000)
  object space 69632K, 96% used [0x0000000080000000,0x00000000841dfc78,0x0000000084400000)
 Metaspace       used 62275K, committed 63808K, reserved 1114112K
  class space    used 6716K, committed 7360K, reserved 1048576K
}
Event: 40.341 GC heap before
{Heap before GC invocations=61 (full 3):
 PSYoungGen      total 21504K, used 21075K [0x00000000d5580000, 0x00000000d6c00000, 0x0000000100000000)
  eden space 19968K, 100% used [0x00000000d5580000,0x00000000d6900000,0x00000000d6900000)
  from space 1536K, 72% used [0x00000000d6900000,0x00000000d6a14c28,0x00000000d6a80000)
  to   space 1536K, 0% used [0x00000000d6a80000,0x00000000d6a80000,0x00000000d6c00000)
 ParOldGen       total 69632K, used 67455K [0x0000000080000000, 0x0000000084400000, 0x00000000d5580000)
  object space 69632K, 96% used [0x0000000080000000,0x00000000841dfc78,0x0000000084400000)
 Metaspace       used 62284K, committed 63808K, reserved 1114112K
  class space    used 6716K, committed 7360K, reserved 1048576K
}
Event: 40.345 GC heap after
{Heap after GC invocations=61 (full 3):
 PSYoungGen      total 21504K, used 1098K [0x00000000d5580000, 0x00000000d6c00000, 0x0000000100000000)
  eden space 19968K, 0% used [0x00000000d5580000,0x00000000d5580000,0x00000000d6900000)
  from space 1536K, 71% used [0x00000000d6a80000,0x00000000d6b92898,0x00000000d6c00000)
  to   space 1536K, 0% used [0x00000000d6900000,0x00000000d6900000,0x00000000d6a80000)
 ParOldGen       total 69632K, used 68318K [0x0000000080000000, 0x0000000084400000, 0x00000000d5580000)
  object space 69632K, 98% used [0x0000000080000000,0x00000000842b78d8,0x0000000084400000)
 Metaspace       used 62284K, committed 63808K, reserved 1114112K
  class space    used 6716K, committed 7360K, reserved 1048576K
}
Event: 42.526 GC heap before
{Heap before GC invocations=62 (full 3):
 PSYoungGen      total 21504K, used 21066K [0x00000000d5580000, 0x00000000d6c00000, 0x0000000100000000)
  eden space 19968K, 100% used [0x00000000d5580000,0x00000000d6900000,0x00000000d6900000)
  from space 1536K, 71% used [0x00000000d6a80000,0x00000000d6b92898,0x00000000d6c00000)
  to   space 1536K, 0% used [0x00000000d6900000,0x00000000d6900000,0x00000000d6a80000)
 ParOldGen       total 69632K, used 68318K [0x0000000080000000, 0x0000000084400000, 0x00000000d5580000)
  object space 69632K, 98% used [0x0000000080000000,0x00000000842b78d8,0x0000000084400000)
 Metaspace       used 62291K, committed 63808K, reserved 1114112K
  class space    used 6716K, committed 7360K, reserved 1048576K
}
Event: 42.530 GC heap after
{Heap after GC invocations=62 (full 3):
 PSYoungGen      total 21504K, used 1436K [0x00000000d5580000, 0x00000000d6c00000, 0x0000000100000000)
  eden space 19968K, 0% used [0x00000000d5580000,0x00000000d5580000,0x00000000d6900000)
  from space 1536K, 93% used [0x00000000d6900000,0x00000000d6a672b0,0x00000000d6a80000)
  to   space 1536K, 0% used [0x00000000d6a80000,0x00000000d6a80000,0x00000000d6c00000)
 ParOldGen       total 69632K, used 69243K [0x0000000080000000, 0x0000000084400000, 0x00000000d5580000)
  object space 69632K, 99% used [0x0000000080000000,0x000000008439efa8,0x0000000084400000)
 Metaspace       used 62291K, committed 63808K, reserved 1114112K
  class space    used 6716K, committed 7360K, reserved 1048576K
}

