# JRE version: OpenJDK Runtime Environment Temurin-21.0.12.1+1 (21.0.12.1+1) (build 21.0.12.1+1-LTS)
# Java VM: OpenJDK 64-Bit Server VM Temurin-21.0.12.1+1 (21.0.12.1+1-LTS, mixed mode, sharing, tiered, compressed oops, compressed class ptrs, parallel gc, windows-amd64)
GC Precious Log:
 CardTable entry size: 512
 CPUs: 16 total, 16 available
 Memory: 7501M
 Large Page Support: Disabled
 NUMA Support: Disabled
 Compressed Oops: Enabled (32-bit)
 Alignments: Space 512K, Generation 512K, Heap 2M
 Heap Min Capacity: 100M
 Heap Initial Capacity: 100M
 Heap Max Capacity: 2G
 Pre-touch: Disabled
 Parallel Workers: 13
Heap:
 PSYoungGen      total 13824K, used 3969K [0x00000000d5580000, 0x00000000d6680000, 0x0000000100000000)
  eden space 13312K, 26% used [0x00000000d5580000,0x00000000d58e8390,0x00000000d6280000)
  from space 512K, 93% used [0x00000000d6500000,0x00000000d6578078,0x00000000d6580000)
  to   space 2048K, 0% used [0x00000000d6280000,0x00000000d6280000,0x00000000d6480000)
 ParOldGen       total 182784K, used 182613K [0x0000000080000000, 0x000000008b280000, 0x00000000d5580000)
  object space 182784K, 99% used [0x0000000080000000,0x000000008b255460,0x000000008b280000)
 Metaspace       used 69751K, committed 71168K, reserved 1114112K
  class space    used 7430K, committed 8000K, reserved 1048576K
GC Heap History (20 events):
Event: 25.823 GC heap before
{Heap before GC invocations=116 (full 3):
 PSYoungGen      total 14336K, used 14194K [0x00000000d5580000, 0x00000000d6880000, 0x0000000100000000)
  eden space 13312K, 99% used [0x00000000d5580000,0x00000000d6262790,0x00000000d6280000)
  from space 1024K, 97% used [0x00000000d6780000,0x00000000d687a3d0,0x00000000d6880000)
  to   space 2048K, 0% used [0x00000000d6480000,0x00000000d6480000,0x00000000d6680000)
 ParOldGen       total 177664K, used 177403K [0x0000000080000000, 0x000000008ad80000, 0x00000000d5580000)
  object space 177664K, 99% used [0x0000000080000000,0x000000008ad3edd8,0x000000008ad80000)
 Metaspace       used 65841K, committed 67264K, reserved 1114112K
  class space    used 7122K, committed 7744K, reserved 1048576K
}
Event: 25.827 GC heap after
{Heap after GC invocations=116 (full 3):
 PSYoungGen      total 15360K, used 1289K [0x00000000d5580000, 0x00000000d6800000, 0x0000000100000000)
  eden space 13312K, 0% used [0x00000000d5580000,0x00000000d5580000,0x00000000d6280000)
  from space 2048K, 62% used [0x00000000d6480000,0x00000000d65c2650,0x00000000d6680000)
  to   space 1536K, 0% used [0x00000000d6680000,0x00000000d6680000,0x00000000d6800000)
 ParOldGen       total 178176K, used 177707K [0x0000000080000000, 0x000000008ae00000, 0x00000000d5580000)
  object space 178176K, 99% used [0x0000000080000000,0x000000008ad8add8,0x000000008ae00000)
 Metaspace       used 65841K, committed 67264K, reserved 1114112K
  class space    used 7122K, committed 7744K, reserved 1048576K
}
Event: 25.873 GC heap before
{Heap before GC invocations=117 (full 3):
 PSYoungGen      total 15360K, used 14601K [0x00000000d5580000, 0x00000000d6800000, 0x0000000100000000)
  eden space 13312K, 100% used [0x00000000d5580000,0x00000000d6280000,0x00000000d6280000)
  from space 2048K, 62% used [0x00000000d6480000,0x00000000d65c2650,0x00000000d6680000)
  to   space 1536K, 0% used [0x00000000d6680000,0x00000000d6680000,0x00000000d6800000)
 ParOldGen       total 178176K, used 177707K [0x0000000080000000, 0x000000008ae00000, 0x00000000d5580000)
  object space 178176K, 99% used [0x0000000080000000,0x000000008ad8add8,0x000000008ae00000)
 Metaspace       used 65892K, committed 67328K, reserved 1114112K
  class space    used 7127K, committed 7744K, reserved 1048576K
}
Event: 25.876 GC heap after
{Heap after GC invocations=117 (full 3):
 PSYoungGen      total 14848K, used 1527K [0x00000000d5580000, 0x00000000d6800000, 0x0000000100000000)
  eden space 13312K, 0% used [0x00000000d5580000,0x00000000d5580000,0x00000000d6280000)
  from space 1536K, 99% used [0x00000000d6680000,0x00000000d67fdcc8,0x00000000d6800000)
  to   space 2048K, 0% used [0x00000000d6400000,0x00000000d6400000,0x00000000d6600000)
 ParOldGen       total 178176K, used 177915K [0x0000000080000000, 0x000000008ae00000, 0x00000000d5580000)
  object space 178176K, 99% used [0x0000000080000000,0x000000008adbede8,0x000000008ae00000)
 Metaspace       used 65892K, committed 67328K, reserved 1114112K
  class space    used 7127K, committed 7744K, reserved 1048576K
}
Event: 26.049 GC heap before
{Heap before GC invocations=118 (full 3):
 PSYoungGen      total 14848K, used 14839K [0x00000000d5580000, 0x00000000d6800000, 0x0000000100000000)
  eden space 13312K, 100% used [0x00000000d5580000,0x00000000d6280000,0x00000000d6280000)
  from space 1536K, 99% used [0x00000000d6680000,0x00000000d67fdcc8,0x00000000d6800000)
  to   space 2048K, 0% used [0x00000000d6400000,0x00000000d6400000,0x00000000d6600000)
 ParOldGen       total 178176K, used 177915K [0x0000000080000000, 0x000000008ae00000, 0x00000000d5580000)
  object space 178176K, 99% used [0x0000000080000000,0x000000008adbede8,0x000000008ae00000)
 Metaspace       used 66651K, committed 68096K, reserved 1114112K
  class space    used 7182K, committed 7808K, reserved 1048576K
}
Event: 26.053 GC heap after
{Heap after GC invocations=118 (full 3):
 PSYoungGen      total 14336K, used 896K [0x00000000d5580000, 0x00000000d6700000, 0x0000000100000000)
  eden space 13312K, 0% used [0x00000000d5580000,0x00000000d5580000,0x00000000d6280000)
  from space 1024K, 87% used [0x00000000d6400000,0x00000000d64e0000,0x00000000d6500000)
  to   space 1536K, 0% used [0x00000000d6580000,0x00000000d6580000,0x00000000d6700000)
 ParOldGen       total 178176K, used 178071K [0x0000000080000000, 0x000000008ae00000, 0x00000000d5580000)
  object space 178176K, 99% used [0x0000000080000000,0x000000008ade5df8,0x000000008ae00000)
 Metaspace       used 66651K, committed 68096K, reserved 1114112K
  class space    used 7182K, committed 7808K, reserved 1048576K
}
Event: 26.255 GC heap before
{Heap before GC invocations=119 (full 3):
 PSYoungGen      total 14336K, used 14208K [0x00000000d5580000, 0x00000000d6700000, 0x0000000100000000)
  eden space 13312K, 100% used [0x00000000d5580000,0x00000000d6280000,0x00000000d6280000)
  from space 1024K, 87% used [0x00000000d6400000,0x00000000d64e0000,0x00000000d6500000)
  to   space 1536K, 0% used [0x00000000d6580000,0x00000000d6580000,0x00000000d6700000)
 ParOldGen       total 178176K, used 178071K [0x0000000080000000, 0x000000008ae00000, 0x00000000d5580000)
  object space 178176K, 99% used [0x0000000080000000,0x000000008ade5df8,0x000000008ae00000)
 Metaspace       used 67484K, committed 68928K, reserved 1114112K
  class space    used 7248K, committed 7872K, reserved 1048576K
}
Event: 26.259 GC heap after
{Heap after GC invocations=119 (full 3):
 PSYoungGen      total 14848K, used 1088K [0x00000000d5580000, 0x00000000d6700000, 0x0000000100000000)
  eden space 13312K, 0% used [0x00000000d5580000,0x00000000d5580000,0x00000000d6280000)
  from space 1536K, 70% used [0x00000000d6580000,0x00000000d6690000,0x00000000d6700000)
  to   space 1536K, 0% used [0x00000000d6400000,0x00000000d6400000,0x00000000d6580000)
 ParOldGen       total 178688K, used 178647K [0x0000000080000000, 0x000000008ae80000, 0x00000000d5580000)
  object space 178688K, 99% used [0x0000000080000000,0x000000008ae75df8,0x000000008ae80000)
 Metaspace       used 67484K, committed 68928K, reserved 1114112K
  class space    used 7248K, committed 7872K, reserved 1048576K
}
Event: 26.410 GC heap before
{Heap before GC invocations=120 (full 3):
 PSYoungGen      total 14848K, used 14400K [0x00000000d5580000, 0x00000000d6700000, 0x0000000100000000)
  eden space 13312K, 100% used [0x00000000d5580000,0x00000000d6280000,0x00000000d6280000)
  from space 1536K, 70% used [0x00000000d6580000,0x00000000d6690000,0x00000000d6700000)
  to   space 1536K, 0% used [0x00000000d6400000,0x00000000d6400000,0x00000000d6580000)
 ParOldGen       total 178688K, used 178647K [0x0000000080000000, 0x000000008ae80000, 0x00000000d5580000)
  object space 178688K, 99% used [0x0000000080000000,0x000000008ae75df8,0x000000008ae80000)
 Metaspace       used 68186K, committed 69568K, reserved 1114112K
  class space    used 7298K, committed 7872K, reserved 1048576K
}
Event: 26.415 GC heap after
{Heap after GC invocations=120 (full 3):
 PSYoungGen      total 14848K, used 1056K [0x00000000d5580000, 0x00000000d6600000, 0x0000000100000000)
  eden space 13312K, 0% used [0x00000000d5580000,0x00000000d5580000,0x00000000d6280000)
  from space 1536K, 68% used [0x00000000d6400000,0x00000000d6508000,0x00000000d6580000)
  to   space 512K, 0% used [0x00000000d6580000,0x00000000d6580000,0x00000000d6600000)
 ParOldGen       total 179712K, used 179431K [0x0000000080000000, 0x000000008af80000, 0x00000000d5580000)
  object space 179712K, 99% used [0x0000000080000000,0x000000008af39df8,0x000000008af80000)
 Metaspace       used 68186K, committed 69568K, reserved 1114112K
  class space    used 7298K, committed 7872K, reserved 1048576K
}
Event: 26.698 GC heap before
{Heap before GC invocations=121 (full 3):
 PSYoungGen      total 14848K, used 14368K [0x00000000d5580000, 0x00000000d6600000, 0x0000000100000000)
  eden space 13312K, 100% used [0x00000000d5580000,0x00000000d6280000,0x00000000d6280000)
  from space 1536K, 68% used [0x00000000d6400000,0x00000000d6508000,0x00000000d6580000)
  to   space 512K, 0% used [0x00000000d6580000,0x00000000d6580000,0x00000000d6600000)
 ParOldGen       total 179712K, used 179431K [0x0000000080000000, 0x000000008af80000, 0x00000000d5580000)
  object space 179712K, 99% used [0x0000000080000000,0x000000008af39df8,0x000000008af80000)
 Metaspace       used 68346K, committed 69696K, reserved 1114112K
  class space    used 7304K, committed 7872K, reserved 1048576K
}
Event: 26.703 GC heap after
{Heap after GC invocations=121 (full 3):
 PSYoungGen      total 13824K, used 512K [0x00000000d5580000, 0x00000000d6680000, 0x0000000100000000)
  eden space 13312K, 0% used [0x00000000d5580000,0x00000000d5580000,0x00000000d6280000)
  from space 512K, 100% used [0x00000000d6580000,0x00000000d6600000,0x00000000d6600000)
  to   space 2048K, 0% used [0x00000000d6280000,0x00000000d6280000,0x00000000d6480000)
 ParOldGen       total 180736K, used 180436K [0x0000000080000000, 0x000000008b080000, 0x00000000d5580000)
  object space 180736K, 99% used [0x0000000080000000,0x000000008b035098,0x000000008b080000)
 Metaspace       used 68346K, committed 69696K, reserved 1114112K
  class space    used 7304K, committed 7872K, reserved 1048576K
}
Event: 27.414 GC heap before
{Heap before GC invocations=122 (full 3):
 PSYoungGen      total 13824K, used 13697K [0x00000000d5580000, 0x00000000d6680000, 0x0000000100000000)
  eden space 13312K, 99% used [0x00000000d5580000,0x00000000d6260448,0x00000000d6280000)
  from space 512K, 100% used [0x00000000d6580000,0x00000000d6600000,0x00000000d6600000)
  to   space 2048K, 0% used [0x00000000d6280000,0x00000000d6280000,0x00000000d6480000)
 ParOldGen       total 180736K, used 180436K [0x0000000080000000, 0x000000008b080000, 0x00000000d5580000)
  object space 180736K, 99% used [0x0000000080000000,0x000000008b035098,0x000000008b080000)
 Metaspace       used 68750K, committed 70208K, reserved 1114112K
  class space    used 7340K, committed 7936K, reserved 1048576K
}
Event: 27.418 GC heap after
{Heap after GC invocations=122 (full 3):
 PSYoungGen      total 15360K, used 703K [0x00000000d5580000, 0x00000000d6600000, 0x0000000100000000)
  eden space 13312K, 0% used [0x00000000d5580000,0x00000000d5580000,0x00000000d6280000)
  from space 2048K, 34% used [0x00000000d6280000,0x00000000d632ff70,0x00000000d6480000)
  to   space 1024K, 0% used [0x00000000d6500000,0x00000000d6500000,0x00000000d6600000)
 ParOldGen       total 181248K, used 180948K [0x0000000080000000, 0x000000008b100000, 0x00000000d5580000)
  object space 181248K, 99% used [0x0000000080000000,0x000000008b0b5098,0x000000008b100000)
 Metaspace       used 68750K, committed 70208K, reserved 1114112K
  class space    used 7340K, committed 7936K, reserved 1048576K
}
Event: 28.160 GC heap before
{Heap before GC invocations=123 (full 3):
 PSYoungGen      total 15360K, used 13245K [0x00000000d5580000, 0x00000000d6600000, 0x0000000100000000)
  eden space 13312K, 94% used [0x00000000d5580000,0x00000000d61bf870,0x00000000d6280000)
  from space 2048K, 34% used [0x00000000d6280000,0x00000000d632ff70,0x00000000d6480000)
  to   space 1024K, 0% used [0x00000000d6500000,0x00000000d6500000,0x00000000d6600000)
 ParOldGen       total 181248K, used 180948K [0x0000000080000000, 0x000000008b100000, 0x00000000d5580000)
  object space 181248K, 99% used [0x0000000080000000,0x000000008b0b5098,0x000000008b100000)
 Metaspace       used 68834K, committed 70272K, reserved 1114112K
  class space    used 7345K, committed 7936K, reserved 1048576K
}
Event: 28.163 GC heap after
{Heap after GC invocations=123 (full 3):
 PSYoungGen      total 13824K, used 500K [0x00000000d5580000, 0x00000000d6580000, 0x0000000100000000)
  eden space 13312K, 0% used [0x00000000d5580000,0x00000000d5580000,0x00000000d6280000)
  from space 512K, 97% used [0x00000000d6500000,0x00000000d657d220,0x00000000d6580000)
  to   space 1024K, 0% used [0x00000000d6380000,0x00000000d6380000,0x00000000d6480000)
 ParOldGen       total 181760K, used 181340K [0x0000000080000000, 0x000000008b180000, 0x00000000d5580000)
  object space 181760K, 99% used [0x0000000080000000,0x000000008b117330,0x000000008b180000)
 Metaspace       used 68834K, committed 70272K, reserved 1114112K
  class space    used 7345K, committed 7936K, reserved 1048576K
}
Event: 29.027 GC heap before
{Heap before GC invocations=124 (full 3):
 PSYoungGen      total 13824K, used 13812K [0x00000000d5580000, 0x00000000d6580000, 0x0000000100000000)
  eden space 13312K, 100% used [0x00000000d5580000,0x00000000d6280000,0x00000000d6280000)
  from space 512K, 97% used [0x00000000d6500000,0x00000000d657d220,0x00000000d6580000)
  to   space 1024K, 0% used [0x00000000d6380000,0x00000000d6380000,0x00000000d6480000)
 ParOldGen       total 181760K, used 181340K [0x0000000080000000, 0x000000008b180000, 0x00000000d5580000)
  object space 181760K, 99% used [0x0000000080000000,0x000000008b117330,0x000000008b180000)
 Metaspace       used 69072K, committed 70464K, reserved 1114112K
  class space    used 7362K, committed 7936K, reserved 1048576K
}
Event: 29.030 GC heap after
{Heap after GC invocations=124 (full 3):
 PSYoungGen      total 14336K, used 320K [0x00000000d5580000, 0x00000000d6580000, 0x0000000100000000)
  eden space 13312K, 0% used [0x00000000d5580000,0x00000000d5580000,0x00000000d6280000)
  from space 1024K, 31% used [0x00000000d6380000,0x00000000d63d0000,0x00000000d6480000)
  to   space 512K, 0% used [0x00000000d6500000,0x00000000d6500000,0x00000000d6580000)
 ParOldGen       total 181760K, used 181524K [0x0000000080000000, 0x000000008b180000, 0x00000000d5580000)
  object space 181760K, 99% used [0x0000000080000000,0x000000008b145350,0x000000008b180000)
 Metaspace       used 69072K, committed 70464K, reserved 1114112K
  class space    used 7362K, committed 7936K, reserved 1048576K
}
Event: 47.183 GC heap before
{Heap before GC invocations=125 (full 3):
 PSYoungGen      total 14336K, used 13632K [0x00000000d5580000, 0x00000000d6580000, 0x0000000100000000)
  eden space 13312K, 100% used [0x00000000d5580000,0x00000000d6280000,0x00000000d6280000)
  from space 1024K, 31% used [0x00000000d6380000,0x00000000d63d0000,0x00000000d6480000)
  to   space 512K, 0% used [0x00000000d6500000,0x00000000d6500000,0x00000000d6580000)
 ParOldGen       total 181760K, used 181524K [0x0000000080000000, 0x000000008b180000, 0x00000000d5580000)
  object space 181760K, 99% used [0x0000000080000000,0x000000008b145350,0x000000008b180000)
 Metaspace       used 69655K, committed 71104K, reserved 1114112K
  class space    used 7417K, committed 8000K, reserved 1048576K
}
Event: 47.187 GC heap after
{Heap after GC invocations=125 (full 3):
 PSYoungGen      total 13824K, used 480K [0x00000000d5580000, 0x00000000d6680000, 0x0000000100000000)
  eden space 13312K, 0% used [0x00000000d5580000,0x00000000d5580000,0x00000000d6280000)
  from space 512K, 93% used [0x00000000d6500000,0x00000000d6578078,0x00000000d6580000)
  to   space 2048K, 0% used [0x00000000d6280000,0x00000000d6280000,0x00000000d6480000)
 ParOldGen       total 182784K, used 182613K [0x0000000080000000, 0x000000008b280000, 0x00000000d5580000)
  object space 182784K, 99% used [0x0000000080000000,0x000000008b255460,0x000000008b280000)
 Metaspace       used 69655K, committed 71104K, reserved 1114112K
  class space    used 7417K, committed 8000K, reserved 1048576K
}

